<?xml version="1.0" encoding="UTF-8"?>
<!-- Generated by org.testng.reporters.JUnitReportReporter -->
<testsuite hostname="MMT-MAC-8438.local" failures="0" tests="3" name="test_scripts.TestUserSignUp" time="26.739" errors="0" timestamp="2021-07-21T09:49:56 IST" skipped="0">
  <testcase classname="test_scripts.TestUserSignUp" name="validateInvalidUserSignupTest" time="9.208"/>
  <system-out/>
  <testcase classname="test_scripts.TestUserSignUp" name="validateNewUserSignupTest" time="10.515"/>
  <system-out/>
  <testcase classname="test_scripts.TestUserSignUp" name="validateRegisteredUserSignupTest" time="7.016"/>
  <system-out/>
</testsuite> <!-- test_scripts.TestUserSignUp -->
